This is LuaTeX, Version 1.10.0 (TeX Live 2019/Debian)  (format=lualatex 2020.5.15)  18 MAY 2020 15:04
 restricted system commands enabled.
**nis.tex
(./nis.tex
LaTeX2e <2020-02-02> patch level 2
Lua module: luaotfload-main 2020-02-02 3.12 luaotfload entry point
Lua module: luaotfload-init 2020-02-02 3.12 luaotfload submodule / initializatio
n
Lua module: lualibs 2020-02-02 2.70 ConTeXt Lua standard libraries.
Lua module: lualibs-extended 2020-02-02 2.70 ConTeXt Lua libraries -- extended c
ollection.
Lua module: luaotfload-log 2020-02-02 3.12 luaotfload submodule / logging
Lua module: luaotfload-parsers 2020-02-02 3.12 luaotfload submodule / filelist
Lua module: luaotfload-configuration 2020-02-02 3.12 luaotfload submodule / conf
ig file reader
luaotfload | conf : Root cache directory is /home/xenakas/.texlive2019/texmf-var
/luatex-cache/generic-dev/names.
luaotfload | init : Loading fontloader “fontloader-2020-01-26.lua” from kpse
-resolved path “/usr/share/texlive/texmf-dist/tex/luatex/luaotfload/fontloader
-2020-01-26.lua”.
Lua-only attribute luaotfload@state = 2
Lua-only attribute luaotfload@noligature = 3
Lua-only attribute luaotfload@syllabe = 4
luaotfload | init : Context OpenType loader version “3.11”
Inserting `luaotfload.node_processor' at position 1 in `pre_linebreak_filter'.
Inserting `luaotfload.node_processor' at position 1 in `hpack_filter'.
Lua module: luaotfload-loaders 2020-02-02 3.12 luaotfload submodule / callback h
andling
Inserting `luaotfload.define_font' at position 1 in `define_font'.
Lua module: luaotfload-database 2020-02-02 3.12 luaotfload submodule / database
Lua module: luaotfload-unicode 2020-02-02 3.12 luaotfload submodule / Unicode he
lpers
Lua module: luaotfload-colors 2020-02-02 3.12 luaotfload submodule / color
Lua-only attribute luaotfload_color_attribute = 5
Lua module: luaotfload-resolvers 2020-02-02 3.12 luaotfload submodule / resolver
s
luaotfload | conf : Root cache directory is /home/xenakas/.texlive2019/texmf-var
/luatex-cache/generic-dev/names.
Lua module: luaotfload-features 2020-02-02 3.12 luaotfload submodule / features
Lua module: luaotfload-letterspace 2020-02-02 3.12 luaotfload submodule / color
Lua module: luaotfload-embolden 2020-02-02 3.12 luaotfload submodule / color
Lua module: luaotfload-notdef 2020-02-02 3.12 luaotfload submodule / color
Lua module: luaotfload-auxiliary 2020-02-02 3.12 luaotfload submodule / auxiliar
y functions
Inserting `luaotfload.aux.set_sscale_dimens' at position 1 in `luaotfload.patch_
font'.
Inserting `luaotfload.aux.set_font_index' at position 2 in `luaotfload.patch_fon
t'.
Inserting `luaotfload.aux.patch_cambria_domh' at position 3 in `luaotfload.patch
_font'.
Inserting `luaotfload.aux.fixup_fontdata' at position 1 in `luaotfload.patch_fon
t_unsafe'.
Inserting `luaotfload.aux.set_capheight' at position 4 in `luaotfload.patch_font
'.
Inserting `luaotfload.aux.set_xheight' at position 5 in `luaotfload.patch_font'.
Lua module: luaotfload-fallback 2020-02-02 3.12 luaotfload submodule / fallback
Lua module: luaotfload-multiscript 2020-02-02 3.12 luaotfload submodule / multis
cript
Lua module: luaotfload-script 2020-02-02 3.12 luaotfload submodule / Script help
ers
Lua module: luaotfload-tounicode 2020-02-02 3.12 luaotfload submodule / tounicod
e
Inserting `luaotfload.rewrite_fontname' at position 6 in `luaotfload.patch_font'
. L3 programming layer <2020-02-14>
(/usr/share/texlive/texmf-dist/tex/latex/beamer/beamer.cls
Document Class: beamer 2019/09/29 v3.57 A class for typesetting presentations
(/usr/share/texlive/texmf-dist/tex/latex/beamer/beamerbasemodes.sty
(/usr/share/texlive/texmf-dist/tex/latex/etoolbox/etoolbox.sty
Package: etoolbox 2019/09/21 v2.5h e-TeX tools for LaTeX (JAW)
\etb@tempcnta=\count163
)
\beamer@tempbox=\box45
\beamer@tempcount=\count164
\c@beamerpauses=\count165

(/usr/share/texlive/texmf-dist/tex/latex/beamer/beamerbasedecode.sty
\beamer@slideinframe=\count166
\beamer@minimum=\count167
\beamer@decode@box=\box46
)
\beamer@commentbox=\box47
\beamer@modecount=\count168
)
(/usr/share/texlive/texmf-dist/tex/generic/iftex/ifpdf.sty
Package: ifpdf 2019/10/25 v3.4 ifpdf legacy package. Use iftex instead.

(/usr/share/texlive/texmf-dist/tex/generic/iftex/iftex.sty
Package: iftex 2019/11/07 v1.0c TeX engine tests
))
\headdp=\dimen134
\footheight=\dimen135
\sidebarheight=\dimen136
\beamer@tempdim=\dimen137
\beamer@finalheight=\dimen138
\beamer@animht=\dimen139
\beamer@animdp=\dimen140
\beamer@animwd=\dimen141
\beamer@leftmargin=\dimen142
\beamer@rightmargin=\dimen143
\beamer@leftsidebar=\dimen144
\beamer@rightsidebar=\dimen145
\beamer@boxsize=\dimen146
\beamer@vboxoffset=\dimen147
\beamer@descdefault=\dimen148
\beamer@descriptionwidth=\dimen149
\beamer@lastskip=\skip47
\beamer@areabox=\box48
\beamer@animcurrent=\box49
\beamer@animshowbox=\box50
\beamer@sectionbox=\box51
\beamer@logobox=\box52
\beamer@linebox=\box53
\beamer@sectioncount=\count169
\beamer@subsubsectionmax=\count170
\beamer@subsectionmax=\count171
\beamer@sectionmax=\count172
\beamer@totalheads=\count173
\beamer@headcounter=\count174
\beamer@partstartpage=\count175
\beamer@sectionstartpage=\count176
\beamer@subsectionstartpage=\count177
\beamer@animationtempa=\count178
\beamer@animationtempb=\count179
\beamer@xpos=\count180
\beamer@ypos=\count181
\beamer@ypos@offset=\count182
\beamer@showpartnumber=\count183
\beamer@currentsubsection=\count184
\beamer@coveringdepth=\count185
\beamer@sectionadjust=\count186
\beamer@tocsectionnumber=\count187

(/usr/share/texlive/texmf-dist/tex/latex/beamer/beamerbaseoptions.sty
(/usr/share/texlive/texmf-dist/tex/latex/graphics/keyval.sty
Package: keyval 2014/10/28 v1.15 key=value parser (DPC)
\KV@toks@=\toks14
))
\beamer@paperwidth=\skip48
\beamer@paperheight=\skip49

(/usr/share/texlive/texmf-dist/tex/latex/geometry/geometry.sty
Package: geometry 2020/01/02 v5.9 Page Geometry

(/usr/share/texlive/texmf-dist/tex/generic/iftex/ifvtex.sty
Package: ifvtex 2019/10/25 v1.7 ifvtex legacy package. Use iftex instead.
)
\Gm@cnth=\count188
\Gm@cntv=\count189
\c@Gm@tempcnt=\count190
\Gm@bindingoffset=\dimen150
\Gm@wd@mp=\dimen151
\Gm@odd@mp=\dimen152
\Gm@even@mp=\dimen153
\Gm@layoutwidth=\dimen154
\Gm@layoutheight=\dimen155
\Gm@layouthoffset=\dimen156
\Gm@layoutvoffset=\dimen157
\Gm@dimlist=\toks15
)
(/usr/share/texlive/texmf-dist/tex/latex/extsizes/size8.clo
File: size8.clo 1999/11/11 v1.4a NON-Standard LaTeX file (size option)
luaotfload | db : Font names database loaded from /home/xenakas/.texlive2019/tex
mf-var/luatex-cache/generic-dev/names/luaotfload-names.luc)
(/usr/share/texlive/texmf-dist/tex/latex/pgf/basiclayer/pgfcore.sty
(/usr/share/texlive/texmf-dist/tex/latex/graphics/graphicx.sty
Package: graphicx 2019/11/30 v1.2a Enhanced LaTeX Graphics (DPC,SPQR)

(/usr/share/texlive/texmf-dist/tex/latex/graphics/graphics.sty
Package: graphics 2019/11/30 v1.4a Standard LaTeX Graphics (DPC,SPQR)

(/usr/share/texlive/texmf-dist/tex/latex/graphics/trig.sty
Package: trig 2016/01/03 v1.10 sin cos tan (DPC)
)
(/usr/share/texlive/texmf-dist/tex/latex/graphics-cfg/graphics.cfg
File: graphics.cfg 2016/06/04 v1.11 sample graphics configuration
)
Package graphics Info: Driver file: luatex.def on input line 105.

(/usr/share/texlive/texmf-dist/tex/latex/graphics-def/luatex.def
File: luatex.def 2018/01/08 v1.0l Graphics/color driver for luatex
))
\Gin@req@height=\dimen158
\Gin@req@width=\dimen159
)
(/usr/share/texlive/texmf-dist/tex/latex/pgf/systemlayer/pgfsys.sty
(/usr/share/texlive/texmf-dist/tex/latex/pgf/utilities/pgfrcs.sty
(/usr/share/texlive/texmf-dist/tex/generic/pgf/utilities/pgfutil-common.tex
\pgfutil@everybye=\toks16
\pgfutil@tempdima=\dimen160
\pgfutil@tempdimb=\dimen161

(/usr/share/texlive/texmf-dist/tex/generic/pgf/utilities/pgfutil-common-lists.t
ex)) (/usr/share/texlive/texmf-dist/tex/generic/pgf/utilities/pgfutil-latex.def
\pgfutil@abb=\box54
(/usr/share/texlive/texmf-dist/tex/latex/ms/everyshi.sty
Package: everyshi 2001/05/15 v3.00 EveryShipout Package (MS)
))
(/usr/share/texlive/texmf-dist/tex/generic/pgf/utilities/pgfrcs.code.tex
(/usr/share/texlive/texmf-dist/tex/generic/pgf/pgf.revision.tex)
Package: pgfrcs 2020/01/08 v3.1.5b (3.1.5b)
))
(/usr/share/texlive/texmf-dist/tex/generic/pgf/systemlayer/pgfsys.code.tex
Package: pgfsys 2020/01/08 v3.1.5b (3.1.5b)

(/usr/share/texlive/texmf-dist/tex/generic/pgf/utilities/pgfkeys.code.tex
\pgfkeys@pathtoks=\toks17
\pgfkeys@temptoks=\toks18

(/usr/share/texlive/texmf-dist/tex/generic/pgf/utilities/pgfkeysfiltered.code.t
ex
\pgfkeys@tmptoks=\toks19
))
\pgf@x=\dimen162
\pgf@y=\dimen163
\pgf@xa=\dimen164
\pgf@ya=\dimen165
\pgf@xb=\dimen166
\pgf@yb=\dimen167
\pgf@xc=\dimen168
\pgf@yc=\dimen169
\pgf@xd=\dimen170
\pgf@yd=\dimen171
\w@pgf@writea=\write3
\r@pgf@reada=\read2
\c@pgf@counta=\count191
\c@pgf@countb=\count192
\c@pgf@countc=\count193
\c@pgf@countd=\count194
\t@pgf@toka=\toks20
\t@pgf@tokb=\toks21
\t@pgf@tokc=\toks22
\pgf@sys@id@count=\count195
 (/usr/share/texlive/texmf-dist/tex/generic/pgf/systemlayer/pgf.cfg
File: pgf.cfg 2020/01/08 v3.1.5b (3.1.5b)
)
Driver file for pgf: pgfsys-luatex.def

(/usr/share/texlive/texmf-dist/tex/generic/pgf/systemlayer/pgfsys-luatex.def
File: pgfsys-luatex.def 2020/01/08 v3.1.5b (3.1.5b)

(/usr/share/texlive/texmf-dist/tex/generic/pgf/systemlayer/pgfsys-common-pdf.de
f
File: pgfsys-common-pdf.def 2020/01/08 v3.1.5b (3.1.5b)
)))
(/usr/share/texlive/texmf-dist/tex/generic/pgf/systemlayer/pgfsyssoftpath.code.
tex
File: pgfsyssoftpath.code.tex 2020/01/08 v3.1.5b (3.1.5b)
\pgfsyssoftpath@smallbuffer@items=\count196
\pgfsyssoftpath@bigbuffer@items=\count197
)
(/usr/share/texlive/texmf-dist/tex/generic/pgf/systemlayer/pgfsysprotocol.code.
tex
File: pgfsysprotocol.code.tex 2020/01/08 v3.1.5b (3.1.5b)
)) (/usr/share/texlive/texmf-dist/tex/latex/xcolor/xcolor.sty
Package: xcolor 2016/05/11 v2.12 LaTeX color extensions (UK)

(/usr/share/texlive/texmf-dist/tex/latex/graphics-cfg/color.cfg
File: color.cfg 2016/01/02 v1.6 sample color configuration
)
Package xcolor Info: Driver file: luatex.def on input line 225.
Package xcolor Info: Model `cmy' substituted by `cmy0' on input line 1348.
Package xcolor Info: Model `hsb' substituted by `rgb' on input line 1352.
Package xcolor Info: Model `RGB' extended on input line 1364.
Package xcolor Info: Model `HTML' substituted by `rgb' on input line 1366.
Package xcolor Info: Model `Hsb' substituted by `hsb' on input line 1367.
Package xcolor Info: Model `tHsb' substituted by `hsb' on input line 1368.
Package xcolor Info: Model `HSB' substituted by `hsb' on input line 1369.
Package xcolor Info: Model `Gray' substituted by `gray' on input line 1370.
Package xcolor Info: Model `wave' substituted by `hsb' on input line 1371.

(/usr/share/texlive/texmf-dist/tex/latex/graphics/dvipsnam.def
File: dvipsnam.def 2016/06/17 v3.0m Driver-dependent file (DPC,SPQR)
))
(/usr/share/texlive/texmf-dist/tex/generic/pgf/basiclayer/pgfcore.code.tex
Package: pgfcore 2020/01/08 v3.1.5b (3.1.5b)

(/usr/share/texlive/texmf-dist/tex/generic/pgf/math/pgfmath.code.tex
(/usr/share/texlive/texmf-dist/tex/generic/pgf/math/pgfmathcalc.code.tex
(/usr/share/texlive/texmf-dist/tex/generic/pgf/math/pgfmathutil.code.tex)
(/usr/share/texlive/texmf-dist/tex/generic/pgf/math/pgfmathparser.code.tex
\pgfmath@dimen=\dimen172
\pgfmath@count=\count198
\pgfmath@box=\box55
\pgfmath@toks=\toks23
\pgfmath@stack@operand=\toks24
\pgfmath@stack@operation=\toks25
)
(/usr/share/texlive/texmf-dist/tex/generic/pgf/math/pgfmathfunctions.code.tex
(/usr/share/texlive/texmf-dist/tex/generic/pgf/math/pgfmathfunctions.basic.code
.tex)
(/usr/share/texlive/texmf-dist/tex/generic/pgf/math/pgfmathfunctions.trigonomet
ric.code.tex)
(/usr/share/texlive/texmf-dist/tex/generic/pgf/math/pgfmathfunctions.random.cod
e.tex)
(/usr/share/texlive/texmf-dist/tex/generic/pgf/math/pgfmathfunctions.comparison
.code.tex)
(/usr/share/texlive/texmf-dist/tex/generic/pgf/math/pgfmathfunctions.base.code.
tex)
(/usr/share/texlive/texmf-dist/tex/generic/pgf/math/pgfmathfunctions.round.code
.tex)
(/usr/share/texlive/texmf-dist/tex/generic/pgf/math/pgfmathfunctions.misc.code.
tex)
(/usr/share/texlive/texmf-dist/tex/generic/pgf/math/pgfmathfunctions.integerari
thmetics.code.tex)))
(/usr/share/texlive/texmf-dist/tex/generic/pgf/math/pgfmathfloat.code.tex
\c@pgfmathroundto@lastzeros=\count199
))
(/usr/share/texlive/texmf-dist/tex/generic/pgf/math/pgfint.code.tex)
(/usr/share/texlive/texmf-dist/tex/generic/pgf/basiclayer/pgfcorepoints.code.te
x
File: pgfcorepoints.code.tex 2020/01/08 v3.1.5b (3.1.5b)
\pgf@picminx=\dimen173
\pgf@picmaxx=\dimen174
\pgf@picminy=\dimen175
\pgf@picmaxy=\dimen176
\pgf@pathminx=\dimen177
\pgf@pathmaxx=\dimen178
\pgf@pathminy=\dimen179
\pgf@pathmaxy=\dimen180
\pgf@xx=\dimen181
\pgf@xy=\dimen182
\pgf@yx=\dimen183
\pgf@yy=\dimen184
\pgf@zx=\dimen185
\pgf@zy=\dimen186
)
(/usr/share/texlive/texmf-dist/tex/generic/pgf/basiclayer/pgfcorepathconstruct.
code.tex
File: pgfcorepathconstruct.code.tex 2020/01/08 v3.1.5b (3.1.5b)
\pgf@path@lastx=\dimen187
\pgf@path@lasty=\dimen188
)
(/usr/share/texlive/texmf-dist/tex/generic/pgf/basiclayer/pgfcorepathusage.code
.tex
File: pgfcorepathusage.code.tex 2020/01/08 v3.1.5b (3.1.5b)
\pgf@shorten@end@additional=\dimen189
\pgf@shorten@start@additional=\dimen190
)
(/usr/share/texlive/texmf-dist/tex/generic/pgf/basiclayer/pgfcorescopes.code.te
x
File: pgfcorescopes.code.tex 2020/01/08 v3.1.5b (3.1.5b)
\pgfpic=\box56
\pgf@hbox=\box57
\pgf@layerbox@main=\box58
\pgf@picture@serial@count=\count266
)
(/usr/share/texlive/texmf-dist/tex/generic/pgf/basiclayer/pgfcoregraphicstate.c
ode.tex
File: pgfcoregraphicstate.code.tex 2020/01/08 v3.1.5b (3.1.5b)
\pgflinewidth=\dimen191
)
(/usr/share/texlive/texmf-dist/tex/generic/pgf/basiclayer/pgfcoretransformation
s.code.tex
File: pgfcoretransformations.code.tex 2020/01/08 v3.1.5b (3.1.5b)
\pgf@pt@x=\dimen192
\pgf@pt@y=\dimen193
\pgf@pt@temp=\dimen194
)
(/usr/share/texlive/texmf-dist/tex/generic/pgf/basiclayer/pgfcorequick.code.tex
File: pgfcorequick.code.tex 2020/01/08 v3.1.5b (3.1.5b)
)
(/usr/share/texlive/texmf-dist/tex/generic/pgf/basiclayer/pgfcoreobjects.code.t
ex
File: pgfcoreobjects.code.tex 2020/01/08 v3.1.5b (3.1.5b)
)
(/usr/share/texlive/texmf-dist/tex/generic/pgf/basiclayer/pgfcorepathprocessing
.code.tex
File: pgfcorepathprocessing.code.tex 2020/01/08 v3.1.5b (3.1.5b)
)
(/usr/share/texlive/texmf-dist/tex/generic/pgf/basiclayer/pgfcorearrows.code.te
x
File: pgfcorearrows.code.tex 2020/01/08 v3.1.5b (3.1.5b)
\pgfarrowsep=\dimen195
)
(/usr/share/texlive/texmf-dist/tex/generic/pgf/basiclayer/pgfcoreshade.code.tex
File: pgfcoreshade.code.tex 2020/01/08 v3.1.5b (3.1.5b)
\pgf@max=\dimen196
\pgf@sys@shading@range@num=\count267
\pgf@shadingcount=\count268
)
(/usr/share/texlive/texmf-dist/tex/generic/pgf/basiclayer/pgfcoreimage.code.tex
File: pgfcoreimage.code.tex 2020/01/08 v3.1.5b (3.1.5b)

(/usr/share/texlive/texmf-dist/tex/generic/pgf/basiclayer/pgfcoreexternal.code.
tex
File: pgfcoreexternal.code.tex 2020/01/08 v3.1.5b (3.1.5b)
\pgfexternal@startupbox=\box59
))
(/usr/share/texlive/texmf-dist/tex/generic/pgf/basiclayer/pgfcorelayers.code.te
x
File: pgfcorelayers.code.tex 2020/01/08 v3.1.5b (3.1.5b)
)
(/usr/share/texlive/texmf-dist/tex/generic/pgf/basiclayer/pgfcoretransparency.c
ode.tex
File: pgfcoretransparency.code.tex 2020/01/08 v3.1.5b (3.1.5b)
)
(/usr/share/texlive/texmf-dist/tex/generic/pgf/basiclayer/pgfcorepatterns.code.
tex
File: pgfcorepatterns.code.tex 2020/01/08 v3.1.5b (3.1.5b)
)
(/usr/share/texlive/texmf-dist/tex/generic/pgf/basiclayer/pgfcorerdf.code.tex
File: pgfcorerdf.code.tex 2020/01/08 v3.1.5b (3.1.5b)
))) (/usr/share/texlive/texmf-dist/tex/latex/pgf/utilities/xxcolor.sty
Package: xxcolor 2003/10/24 ver 0.1
\XC@nummixins=\count269
\XC@countmixins=\count270
)
(/usr/share/texlive/texmf-dist/tex/generic/atbegshi/atbegshi.sty
Package: atbegshi 2019/12/05 v1.19 At begin shipout hook (HO)

(/usr/share/texlive/texmf-dist/tex/generic/infwarerr/infwarerr.sty
Package: infwarerr 2019/12/03 v1.5 Providing info/warning/error messages (HO)
)
(/usr/share/texlive/texmf-dist/tex/generic/ltxcmds/ltxcmds.sty
Package: ltxcmds 2019/12/15 v1.24 LaTeX kernel commands for general use (HO)
))
(/usr/share/texlive/texmf-dist/tex/latex/hyperref/hyperref.sty
Package: hyperref 2020/01/14 v7.00d Hypertext links for LaTeX

(/usr/share/texlive/texmf-dist/tex/latex/pdftexcmds/pdftexcmds.sty
Package: pdftexcmds 2019/11/24 v0.31 Utility functions of pdfTeX for LuaTeX (HO)

Package pdftexcmds Info: \pdf@primitive is available.
Package pdftexcmds Info: \pdf@ifprimitive is available.
Package pdftexcmds Info: \pdfdraftmode found.
\pdftexcmds@toks=\toks26
)
(/usr/share/texlive/texmf-dist/tex/generic/kvsetkeys/kvsetkeys.sty
Package: kvsetkeys 2019/12/15 v1.18 Key value parser (HO)
)
(/usr/share/texlive/texmf-dist/tex/generic/kvdefinekeys/kvdefinekeys.sty
Package: kvdefinekeys 2019-12-19 v1.6 Define keys (HO)
)
(/usr/share/texlive/texmf-dist/tex/generic/pdfescape/pdfescape.sty
Package: pdfescape 2019/12/09 v1.15 Implements pdfTeX's escape features (HO)
)
(/usr/share/texlive/texmf-dist/tex/latex/hycolor/hycolor.sty
Package: hycolor 2020-01-27 v1.10 Color options for hyperref/bookmark (HO)
)
(/usr/share/texlive/texmf-dist/tex/latex/letltxmacro/letltxmacro.sty
Package: letltxmacro 2019/12/03 v1.6 Let assignment for LaTeX macros (HO)
)
(/usr/share/texlive/texmf-dist/tex/latex/auxhook/auxhook.sty
Package: auxhook 2019-12-17 v1.6 Hooks for auxiliary files (HO)
)
(/usr/share/texlive/texmf-dist/tex/latex/kvoptions/kvoptions.sty
Package: kvoptions 2019/11/29 v3.13 Key value format for package options (HO)
)
\@linkdim=\dimen197
\Hy@linkcounter=\count271
\Hy@pagecounter=\count272

(/usr/share/texlive/texmf-dist/tex/latex/hyperref/pd1enc.def
File: pd1enc.def 2020/01/14 v7.00d Hyperref: PDFDocEncoding definition (HO)
)
(/usr/share/texlive/texmf-dist/tex/generic/intcalc/intcalc.sty
Package: intcalc 2019/12/15 v1.3 Expandable calculations with integers (HO)
)
(/usr/share/texlive/texmf-dist/tex/generic/etexcmds/etexcmds.sty
Package: etexcmds 2019/12/15 v1.7 Avoid name clashes with e-TeX commands (HO)
)
\Hy@SavedSpaceFactor=\count273
Package hyperref Info: Option `bookmarks' set `true' on input line 4421.
Package hyperref Info: Option `bookmarksopen' set `true' on input line 4421.
Package hyperref Info: Option `implicit' set `false' on input line 4421.
Package hyperref Info: Hyper figures OFF on input line 4547.
Package hyperref Info: Link nesting OFF on input line 4552.
Package hyperref Info: Hyper index ON on input line 4555.
Package hyperref Info: Plain pages OFF on input line 4562.
Package hyperref Info: Backreferencing OFF on input line 4567.
Package hyperref Info: Implicit mode OFF; no redefinition of LaTeX internals.
Package hyperref Info: Bookmarks ON on input line 4800.
\c@Hy@tempcnt=\count274

(/usr/share/texlive/texmf-dist/tex/latex/url/url.sty
\Urlmuskip=\muskip16
Package: url 2013/09/16  ver 3.4  Verb mode for urls, etc.
)
LaTeX Info: Redefining \url on input line 5159.
\XeTeXLinkMargin=\dimen198

(/usr/share/texlive/texmf-dist/tex/generic/bitset/bitset.sty
Package: bitset 2019/12/09 v1.3 Handle bit-vector datatype (HO)

(/usr/share/texlive/texmf-dist/tex/generic/bigintcalc/bigintcalc.sty
Package: bigintcalc 2019/12/15 v1.5 Expandable calculations on big integers (HO)

))
\Fld@menulength=\count275
\Field@Width=\dimen199
\Fld@charsize=\dimen256
Package hyperref Info: Hyper figures OFF on input line 6430.
Package hyperref Info: Link nesting OFF on input line 6435.
Package hyperref Info: Hyper index ON on input line 6438.
Package hyperref Info: backreferencing OFF on input line 6445.
Package hyperref Info: Link coloring OFF on input line 6450.
Package hyperref Info: Link coloring with OCG OFF on input line 6455.
Package hyperref Info: PDF/A mode OFF on input line 6460.
LaTeX Info: Redefining \ref on input line 6500.
LaTeX Info: Redefining \pageref on input line 6504.
\Hy@abspage=\count276


Package hyperref Message: Stopped early.

)
Package hyperref Info: Driver (autodetected): hluatex.
 (/usr/share/texlive/texmf-dist/tex/latex/hyperref/hluatex.def
File: hluatex.def 2020/01/14 v7.00d Hyperref driver for luaTeX

(/usr/share/texlive/texmf-dist/tex/latex/hyperref/puenc.def
File: puenc.def 2020/01/14 v7.00d Hyperref: PDF Unicode definition (HO)
)
(/usr/share/texlive/texmf-dist/tex/generic/stringenc/stringenc.sty
Package: stringenc 2019/11/29 v1.12 Convert strings between diff. encodings (HO)

)
(/usr/share/texlive/texmf-dist/tex/latex/atveryend/atveryend.sty
Package: atveryend 2019-12-11 v1.11 Hooks at the very end of document (HO)
)
\Fld@listcount=\count277
\c@bookmark@seq@number=\count278

(/usr/share/texlive/texmf-dist/tex/latex/rerunfilecheck/rerunfilecheck.sty
Package: rerunfilecheck 2019/12/05 v1.9 Rerun checks for auxiliary files (HO)

(/usr/share/texlive/texmf-dist/tex/generic/uniquecounter/uniquecounter.sty
Package: uniquecounter 2019/12/15 v1.4 Provide unlimited unique counter (HO)
)
Package uniquecounter Info: New unique counter `rerunfilecheck' on input line 28
6.
))
(/usr/share/texlive/texmf-dist/tex/latex/beamer/beamerbaserequires.sty
(/usr/share/texlive/texmf-dist/tex/latex/beamer/beamerbasecompatibility.sty)
(/usr/share/texlive/texmf-dist/tex/latex/beamer/beamerbasefont.sty
(/usr/share/texlive/texmf-dist/tex/latex/amsfonts/amssymb.sty
Package: amssymb 2013/01/14 v3.01 AMS font symbols

(/usr/share/texlive/texmf-dist/tex/latex/amsfonts/amsfonts.sty
Package: amsfonts 2013/01/14 v3.01 Basic AMSFonts support
\@emptytoks=\toks27
\symAMSa=\mathgroup4
\symAMSb=\mathgroup5
LaTeX Font Info:    Redeclaring math symbol \hbar on input line 98.
LaTeX Font Info:    Overwriting math alphabet `\mathfrak' in version `bold'
(Font)                  U/euf/m/n --> U/euf/b/n on input line 106.
))
(/usr/share/texlive/texmf-dist/tex/latex/sansmathaccent/sansmathaccent.sty
Package: sansmathaccent 2020/01/31

(/usr/share/texlive/texmf-dist/tex/latex/koma-script/scrlfile.sty
Package: scrlfile 2020/01/24 v3.29 KOMA-Script package (loading files)
)))
(/usr/share/texlive/texmf-dist/tex/latex/beamer/beamerbasetranslator.sty
(/usr/share/texlive/texmf-dist/tex/latex/translator/translator.sty
Package: translator 2019-05-31 v1.12a Easy translation of strings in LaTeX
))
(/usr/share/texlive/texmf-dist/tex/latex/beamer/beamerbasemisc.sty)
(/usr/share/texlive/texmf-dist/tex/latex/beamer/beamerbasetwoscreens.sty)
(/usr/share/texlive/texmf-dist/tex/latex/beamer/beamerbaseoverlay.sty
\beamer@argscount=\count279
\beamer@lastskipcover=\skip50
\beamer@trivlistdepth=\count280
)
(/usr/share/texlive/texmf-dist/tex/latex/beamer/beamerbasetitle.sty)
(/usr/share/texlive/texmf-dist/tex/latex/beamer/beamerbasesection.sty
\c@lecture=\count281
\c@part=\count282
\c@section=\count283
\c@subsection=\count284
\c@subsubsection=\count285
)
(/usr/share/texlive/texmf-dist/tex/latex/beamer/beamerbaseframe.sty
\beamer@framebox=\box60
\beamer@frametitlebox=\box61
\beamer@zoombox=\box62
\beamer@zoomcount=\count286
\beamer@zoomframecount=\count287
\beamer@frametextheight=\dimen257
\c@subsectionslide=\count288
\beamer@frametopskip=\skip51
\beamer@framebottomskip=\skip52
\beamer@frametopskipautobreak=\skip53
\beamer@framebottomskipautobreak=\skip54
\beamer@envbody=\toks28
\framewidth=\dimen258
\c@framenumber=\count289
)
(/usr/share/texlive/texmf-dist/tex/latex/beamer/beamerbaseverbatim.sty
\beamer@verbatimfileout=\write4
)
(/usr/share/texlive/texmf-dist/tex/latex/beamer/beamerbaseframesize.sty
\beamer@splitbox=\box63
\beamer@autobreakcount=\count290
\beamer@autobreaklastheight=\dimen259
\beamer@frametitletoks=\toks29
\beamer@framesubtitletoks=\toks30
)
(/usr/share/texlive/texmf-dist/tex/latex/beamer/beamerbaseframecomponents.sty
\beamer@footins=\box64
)
(/usr/share/texlive/texmf-dist/tex/latex/beamer/beamerbasecolor.sty)
(/usr/share/texlive/texmf-dist/tex/latex/beamer/beamerbasenotes.sty
\beamer@frameboxcopy=\box65
)
(/usr/share/texlive/texmf-dist/tex/latex/beamer/beamerbasetoc.sty)
(/usr/share/texlive/texmf-dist/tex/latex/beamer/beamerbasetemplates.sty
\beamer@sbttoks=\toks31

(/usr/share/texlive/texmf-dist/tex/latex/beamer/beamerbaseauxtemplates.sty
(/usr/share/texlive/texmf-dist/tex/latex/beamer/beamerbaseboxes.sty
\bmb@box=\box66
\bmb@colorbox=\box67
\bmb@boxshadow=\box68
\bmb@boxshadowball=\box69
\bmb@boxshadowballlarge=\box70
\bmb@temp=\dimen260
\bmb@dima=\dimen261
\bmb@dimb=\dimen262
\bmb@prevheight=\dimen263
)
\beamer@blockheadheight=\dimen264
))
(/usr/share/texlive/texmf-dist/tex/latex/beamer/beamerbaselocalstructure.sty
(/usr/share/texlive/texmf-dist/tex/latex/tools/enumerate.sty
Package: enumerate 2015/07/23 v3.00 enumerate extensions (DPC)
\@enLab=\toks32
)
\c@figure=\count291
\c@table=\count292
\abovecaptionskip=\skip55
\belowcaptionskip=\skip56
)
(/usr/share/texlive/texmf-dist/tex/latex/beamer/beamerbasenavigation.sty
\beamer@section@min@dim=\dimen265
)
(/usr/share/texlive/texmf-dist/tex/latex/beamer/beamerbasetheorems.sty
(/usr/share/texlive/texmf-dist/tex/latex/amsmath/amsmath.sty
Package: amsmath 2020/01/20 v2.17e AMS math features
\@mathmargin=\skip57

For additional information on amsmath, use the `?' option.
(/usr/share/texlive/texmf-dist/tex/latex/amsmath/amstext.sty
Package: amstext 2000/06/29 v2.01 AMS text

(/usr/share/texlive/texmf-dist/tex/latex/amsmath/amsgen.sty
File: amsgen.sty 1999/11/30 v2.0 generic functions
\@emptytoks=\toks33
\ex@=\dimen266
))
(/usr/share/texlive/texmf-dist/tex/latex/amsmath/amsbsy.sty
Package: amsbsy 1999/11/29 v1.2d Bold Symbols
\pmbraise@=\dimen267
)
(/usr/share/texlive/texmf-dist/tex/latex/amsmath/amsopn.sty
Package: amsopn 2016/03/08 v2.02 operator names
)
\inf@bad=\count293
LaTeX Info: Redefining \frac on input line 227.
\uproot@=\count294
\leftroot@=\count295
LaTeX Info: Redefining \overline on input line 389.
\classnum@=\count296
\DOTSCASE@=\count297
LaTeX Info: Redefining \ldots on input line 486.
LaTeX Info: Redefining \dots on input line 489.
LaTeX Info: Redefining \cdots on input line 610.
\Mathstrutbox@=\box71
\strutbox@=\box72
\big@size=\dimen268
LaTeX Font Info:    Redeclaring font encoding OML on input line 733.
LaTeX Font Info:    Redeclaring font encoding OMS on input line 734.
\macc@depth=\count298
\c@MaxMatrixCols=\count299
\dotsspace@=\muskip17
\c@parentequation=\count300
\dspbrk@lvl=\count301
\tag@help=\toks34
\row@=\count302
\column@=\count303
\maxfields@=\count304
\andhelp@=\toks35
\eqnshift@=\dimen269
\alignsep@=\dimen270
\tagshift@=\dimen271
\tagwidth@=\dimen272
\totwidth@=\dimen273
\lineht@=\dimen274
\@envbody=\toks36
\multlinegap=\skip58
\multlinetaggap=\skip59
\mathdisplay@stack=\toks37
LaTeX Info: Redefining \[ on input line 2859.
LaTeX Info: Redefining \] on input line 2860.
)
(/usr/share/texlive/texmf-dist/tex/latex/amscls/amsthm.sty
Package: amsthm 2017/10/31 v2.20.4
\thm@style=\toks38
\thm@bodyfont=\toks39
\thm@headfont=\toks40
\thm@notefont=\toks41
\thm@headpunct=\toks42
\thm@preskip=\skip60
\thm@postskip=\skip61
\thm@headsep=\skip62
\dth@everypar=\toks43
)
\c@theorem=\count305
)
(/usr/share/texlive/texmf-dist/tex/latex/beamer/beamerbasethemes.sty))
(/usr/share/texlive/texmf-dist/tex/latex/beamer/beamerthemedefault.sty
(/usr/share/texlive/texmf-dist/tex/latex/beamer/beamerfontthemedefault.sty)
(/usr/share/texlive/texmf-dist/tex/latex/beamer/beamercolorthemedefault.sty)
(/usr/share/texlive/texmf-dist/tex/latex/beamer/beamerinnerthemedefault.sty
\beamer@dima=\dimen275
\beamer@dimb=\dimen276
)
(/usr/share/texlive/texmf-dist/tex/latex/beamer/beamerouterthemedefault.sty)))
(/usr/share/texlive/texmf-dist/tex/latex/adjustbox/adjustbox.sty
Package: adjustbox 2019/01/04 v1.2 Adjusting TeX boxes (trim, clip, ...)

(/usr/share/texlive/texmf-dist/tex/latex/xkeyval/xkeyval.sty
Package: xkeyval 2014/12/03 v2.7a package option processing (HA)

(/usr/share/texlive/texmf-dist/tex/generic/xkeyval/xkeyval.tex
(/usr/share/texlive/texmf-dist/tex/generic/xkeyval/xkvutils.tex
\XKV@toks=\toks44
\XKV@tempa@toks=\toks45
)
\XKV@depth=\count306
File: xkeyval.tex 2014/12/03 v2.7a key=value parser (HA)
))
(/usr/share/texlive/texmf-dist/tex/latex/adjustbox/adjcalc.sty
Package: adjcalc 2012/05/16 v1.1 Provides advanced setlength with multiple back-
ends (calc, etex, pgfmath)
)
(/usr/share/texlive/texmf-dist/tex/latex/adjustbox/trimclip.sty
Package: trimclip 2018/04/08 v1.1 Trim and clip general TeX material

(/usr/share/texlive/texmf-dist/tex/latex/collectbox/collectbox.sty
Package: collectbox 2012/05/17 v0.4b Collect macro arguments as boxes
\collectedbox=\box73
)
\tc@llx=\dimen277
\tc@lly=\dimen278
\tc@urx=\dimen279
\tc@ury=\dimen280

(/usr/share/texlive/texmf-dist/tex/latex/adjustbox/tc-pgf.def
File: tc-pgf.def 2019/01/04 v2.2 trimclip fall-back clipping driver using PGF

(/usr/share/texlive/texmf-dist/tex/latex/pgf/basiclayer/pgf.sty
Package: pgf 2020/01/08 v3.1.5b (3.1.5b)

(/usr/share/texlive/texmf-dist/tex/generic/pgf/modules/pgfmoduleshapes.code.tex
File: pgfmoduleshapes.code.tex 2020/01/08 v3.1.5b (3.1.5b)
\pgfnodeparttextbox=\box74
) (/usr/share/texlive/texmf-dist/tex/generic/pgf/modules/pgfmoduleplot.code.tex
File: pgfmoduleplot.code.tex 2020/01/08 v3.1.5b (3.1.5b)
)
(/usr/share/texlive/texmf-dist/tex/latex/pgf/compatibility/pgfcomp-version-0-65
.sty
Package: pgfcomp-version-0-65 2020/01/08 v3.1.5b (3.1.5b)
\pgf@nodesepstart=\dimen281
\pgf@nodesepend=\dimen282
)
(/usr/share/texlive/texmf-dist/tex/latex/pgf/compatibility/pgfcomp-version-1-18
.sty
Package: pgfcomp-version-1-18 2020/01/08 v3.1.5b (3.1.5b)
)))
Package trimclip Info: No clipping driver 'tc-luatex.def' available.
(trimclip)             Using fall-back PGF driver.
)
\adjbox@Width=\dimen283
\adjbox@Height=\dimen284
\adjbox@Depth=\dimen285
\adjbox@Totalheight=\dimen286
\adjbox@pwidth=\dimen287
\adjbox@pheight=\dimen288
\adjbox@pdepth=\dimen289
\adjbox@ptotalheight=\dimen290
 (/usr/share/texlive/texmf-dist/tex/latex/ifoddpage/ifoddpage.sty
Package: ifoddpage 2016/04/23 v1.1 Conditionals for odd/even page detection
\c@checkoddpage=\count307
)
(/usr/share/texlive/texmf-dist/tex/latex/varwidth/varwidth.sty
Package: varwidth 2009/03/30 ver 0.92;  Variable-width minipages
\@vwid@box=\box75
\sift@deathcycles=\count308
\@vwid@loff=\dimen291
\@vwid@roff=\dimen292
))
(/usr/share/texlive/texmf-dist/tex/latex/beamer/beamerthemeBerkeley.sty
(/usr/share/texlive/texmf-dist/tex/latex/beamer/beamerouterthemesidebar.sty
\beamer@sidebarwidth=\dimen293
\beamer@headheight=\dimen294
)
(/usr/share/texlive/texmf-dist/tex/latex/beamer/beamerinnerthemerectangles.sty) (/usr/share/texlive/texmf-dist/tex/latex/beamer/beamercolorthemewhale.sty)
(/usr/share/texlive/texmf-dist/tex/latex/beamer/beamercolorthemeorchid.sty))
(/usr/share/texlive/texmf-dist/tex/latex/beamer/beamerfontthemeprofessionalfont
s.sty) (/usr/share/texlive/texmf-dist/tex/latex/beamer/beamerfontthemeserif.sty
) (/usr/share/texlive/texmf-dist/tex/latex/fontspec/fontspec.sty
(/usr/share/texlive/texmf-dist/tex/latex/l3packages/xparse/xparse.sty
(/usr/share/texlive/texmf-dist/tex/latex/l3kernel/expl3.sty
Package: expl3 2020-02-14 L3 programming layer (loader) 

(/usr/share/texlive/texmf-dist/tex/latex/l3backend/l3backend-pdfmode.def
File: l3backend-pdfmode.def 2020-02-03 L3 backend support: PDF mode
\l__kernel_color_stack_int=\count309
\l__pdf_internal_box=\box76
))
Package: xparse 2020-02-14 L3 Experimental document command parser
\l__xparse_current_arg_int=\count310
\g__xparse_grabber_int=\count311
\l__xparse_m_args_int=\count312
\l__xparse_v_nesting_int=\count313
)
Package: fontspec 2020/02/03 v2.7h Font selection for XeLaTeX and LuaLaTeX
Lua module: fontspec 2020/02/03 2.7h Font selection for XeLaTeX and LuaLaTeX
(/usr/share/texlive/texmf-dist/tex/latex/fontspec/fontspec-luatex.sty
Package: fontspec-luatex 2020/02/03 v2.7h Font selection for XeLaTeX and LuaLaTe
X
\l__fontspec_script_int=\count314
\l__fontspec_language_int=\count315
\l__fontspec_strnum_int=\count316
\l__fontspec_tmp_int=\count317
\l__fontspec_tmpa_int=\count318
\l__fontspec_tmpb_int=\count319
\l__fontspec_tmpc_int=\count320
\l__fontspec_em_int=\count321
\l__fontspec_emdef_int=\count322
\l__fontspec_strong_int=\count323
\l__fontspec_strongdef_int=\count324
\l__fontspec_tmpa_dim=\dimen295
\l__fontspec_tmpb_dim=\dimen296
\l__fontspec_tmpc_dim=\dimen297

(/usr/share/texlive/texmf-dist/tex/latex/base/fontenc.sty
Package: fontenc 2020/02/11 v2.0o Standard LaTeX package
)
(/usr/share/texlive/texmf-dist/tex/latex/fontspec/fontspec.cfg)))
luaotfload | cache : Lookup cache loaded from /home/xenakas/.texlive2019/texmf-v
ar/luatex-cache/generic-dev/names/luaotfload-lookup-cache.luc.
luaotfload | aux : font no 36 (nil) does not define feature smcp for script latn
 with language dflt
luaotfload | aux : font no 37 (nil) does not define feature smcp for script latn
 with language dflt
luaotfload | aux : font no 38 (nil) does not define feature smcp for script latn
 with language dflt
luaotfload | aux : font no 39 (nil) does not define feature smcp for script latn
 with language dflt

Package fontspec Info: Font family 'LiberationSerif(0)' created for font
(fontspec)             'Liberation Serif' with options [Ligatures=TeX].
(fontspec)              
(fontspec)              This font family consists of the following NFSS
(fontspec)             series/shapes:
(fontspec)              
(fontspec)             - 'normal' (m/n) with NFSS spec.:
(fontspec)             <->"LiberationSerif:mode=node;script=latn;language=dflt;+
tlig;"
(fontspec)             - 'small caps'  (m/sc) with NFSS spec.: 
(fontspec)             - 'bold' (b/n) with NFSS spec.:
(fontspec)             <->"LiberationSerif/B:mode=node;script=latn;language=dflt
;+tlig;"
(fontspec)             - 'bold small caps'  (b/sc) with NFSS spec.: 
(fontspec)             - 'italic' (m/it) with NFSS spec.:
(fontspec)             <->"LiberationSerif/I:mode=node;script=latn;language=dflt
;+tlig;"
(fontspec)             - 'italic small caps'  (m/scit) with NFSS spec.: 
(fontspec)             - 'bold italic' (b/it) with NFSS spec.:
(fontspec)             <->"LiberationSerif/BI:mode=node;script=latn;language=dfl
t;+tlig;"
(fontspec)             - 'bold italic small caps'  (b/scit) with NFSS spec.: 


(/usr/share/texlive/texmf-dist/tex/latex/unicode-math/unicode-math.sty
Package: unicode-math 2020/01/31 v0.8q Unicode maths in XeLaTeX and LuaLaTeX

(/usr/share/texlive/texmf-dist/tex/latex/unicode-math/unicode-math-luatex.sty
Package: unicode-math-luatex 2020/01/31 v0.8q Unicode maths in XeLaTeX and LuaLa
TeX

(/usr/share/texlive/texmf-dist/tex/latex/l3packages/l3keys2e/l3keys2e.sty
Package: l3keys2e 2020-02-14 LaTeX2e option processing using LaTeX3 keys
)
(/usr/share/texlive/texmf-dist/tex/latex/base/fix-cm.sty
Package: fix-cm 2015/01/14 v1.1t fixes to LaTeX

(/usr/share/texlive/texmf-dist/tex/latex/base/ts1enc.def
File: ts1enc.def 2001/06/05 v3.0e (jk/car/fm) Standard LaTeX file
LaTeX Font Info:    Redeclaring font encoding TS1 on input line 47.
))
(/usr/share/texlive/texmf-dist/tex/lualatex/lualatex-math/lualatex-math.sty
Package: lualatex-math 2019/01/21 v1.8 Patches for mathematics typesetting with 
LuaLaTeX

(/usr/share/texlive/texmf-dist/tex/latex/filehook/filehook.sty
Package: filehook 2020/02/03 v0.7 Hooks for input files

(/usr/share/texlive/texmf-dist/tex/latex/filehook/filehook-scrlfile.sty
Package: filehook-scrlfile 2020/02/02 v0.2 filehook patch for scrlfile package
Package filehook Info: Package 'scrlfile' detected and compensated for on input 
line 107.
))
Lua module: lualatex-math 2013/08/03 1.3 Patches for mathematics typesetting wit
h LuaLaTeX

Package lualatex-math Info: I'm going to patch macro \subarray.


Package lualatex-math Info: I'm going to patch macro \frac .


Package lualatex-math Info: I'm going to patch macro \genfrac .

)
\g__um_fam_int=\count325
\g__um_fonts_used_int=\count326
\l__um_primecount_int=\count327
\g__um_primekern_muskip=\muskip18

(/usr/share/texlive/texmf-dist/tex/latex/unicode-math/unicode-math-table.tex)))

Package fontspec Info: Font family 'Asana-Math.otf(0)' created for font
(fontspec)             'Asana-Math.otf' with options
(fontspec)             [Renderer=Basic,BoldItalicFont={},ItalicFont={},SmallCaps
Font={},Script=Math,FontAdjustment={\__um_luatex_copy_fontdimens:
(fontspec)             }].
(fontspec)              
(fontspec)              This font family consists of the following NFSS
(fontspec)             series/shapes:
(fontspec)              
(fontspec)             - 'normal' (m/n) with NFSS spec.:
(fontspec)             <->"[Asana-Math.otf]:mode=base;script=math;language=dflt;
"
(fontspec)             - 'small caps'  (m/sc) with NFSS spec.: 
(fontspec)             and font adjustment code:
(fontspec)             \__um_luatex_copy_fontdimens: 


Package fontspec Info: Font family 'Asana-Math.otf(1)' created for font
(fontspec)             'Asana-Math.otf' with options
(fontspec)             [Renderer=Basic,BoldItalicFont={},ItalicFont={},SmallCaps
Font={},Script=Math,SizeFeatures={{Size=6.92-},{Size=5.32-6.92,Font=Asana-Math.o
tf,Style=MathScript},{Size=-5.32,Font=Asana-Math.otf,Style=MathScriptScript}},Fo
ntAdjustment={\__um_luatex_copy_fontdimens:
(fontspec)             }].
(fontspec)              
(fontspec)              This font family consists of the following NFSS
(fontspec)             series/shapes:
(fontspec)              
(fontspec)             - 'normal' (m/n) with NFSS spec.:
(fontspec)             <6.92->"[Asana-Math.otf]:mode=base;script=math;language=d
flt;"<5.32-6.92>"[Asana-Math.otf]:mode=base;script=math;language=dflt;+ssty=0;"<
-5.32>"[Asana-Math.otf]:mode=base;script=math;language=dflt;+ssty=1;"
(fontspec)             - 'small caps'  (m/sc) with NFSS spec.: 
(fontspec)             and font adjustment code:
(fontspec)             \__um_luatex_copy_fontdimens: 

LaTeX Font Info:    Encoding `OT1' has changed to `TU' for symbol font
(Font)              `operators' in the math version `normal' on input line 16.
LaTeX Font Info:    Overwriting symbol font `operators' in version `normal'
(Font)                  OT1/cmr/m/n --> TU/Asana-Math.otf(1)/m/n on input line 1
6.
LaTeX Font Info:    Encoding `OT1' has changed to `TU' for symbol font
(Font)              `operators' in the math version `bold' on input line 16.
LaTeX Font Info:    Overwriting symbol font `operators' in version `bold'
(Font)                  OT1/cmr/bx/n --> TU/Asana-Math.otf(1)/b/n on input line 
16.

Package fontspec Info: Asana-Math scale = 1.0001.


Package fontspec Info: Asana-Math scale = 1.0001.


Package fontspec Info: Asana-Math scale = 1.0001.


Package fontspec Info: Asana-Math scale = 1.0001.


Package fontspec Info: Font family 'Asana-Math.otf(2)' created for font
(fontspec)             'Asana-Math.otf' with options
(fontspec)             [Renderer=Basic,BoldItalicFont={},ItalicFont={},SmallCaps
Font={},Script=Math,SizeFeatures={{Size=6.92-},{Size=5.32-6.92,Font=Asana-Math.o
tf,Style=MathScript},{Size=-5.32,Font=Asana-Math.otf,Style=MathScriptScript}},Fo
ntAdjustment={\__um_luatex_copy_fontdimens:
(fontspec)             },ScaleAgain=1.0001,FontAdjustment={\fontdimen 8\font
(fontspec)             =5.79999pt\relax \fontdimen 9\font =4.79999pt\relax
(fontspec)             \fontdimen 10\font =0.4pt\relax \fontdimen 11\font
(fontspec)             =5.68pt\relax \fontdimen 12\font =4.0pt\relax
(fontspec)             \fontdimen 13\font =2.88799pt\relax \fontdimen 14\font
(fontspec)             =2.88799pt\relax \fontdimen 15\font =2.368pt\relax
(fontspec)             \fontdimen 16\font =1.68pt\relax \fontdimen 17\font
(fontspec)             =1.68pt\relax \fontdimen 18\font =1.84pt\relax
(fontspec)             \fontdimen 19\font =1.77599pt\relax \fontdimen 22\font
(fontspec)             =2.168pt\relax \fontdimen 20\font =0pt\relax \fontdimen
(fontspec)             21\font =0pt\relax }].
(fontspec)              
(fontspec)              This font family consists of the following NFSS
(fontspec)             series/shapes:
(fontspec)              
(fontspec)             - 'normal' (m/n) with NFSS spec.:
(fontspec)             <6.92->s*[1.0001]"[Asana-Math.otf]:mode=base;script=math;
language=dflt;"<5.32-6.92>s*[1.0001]"[Asana-Math.otf]:mode=base;script=math;lang
uage=dflt;+ssty=0;"<-5.32>s*[1.0001]"[Asana-Math.otf]:mode=base;script=math;lang
uage=dflt;+ssty=1;"
(fontspec)             - 'small caps'  (m/sc) with NFSS spec.: 
(fontspec)             and font adjustment code:
(fontspec)             \__um_luatex_copy_fontdimens: \fontdimen 8\font
(fontspec)             =5.79999pt\relax \fontdimen 9\font =4.79999pt\relax
(fontspec)             \fontdimen 10\font =0.4pt\relax \fontdimen 11\font
(fontspec)             =5.68pt\relax \fontdimen 12\font =4.0pt\relax
(fontspec)             \fontdimen 13\font =2.88799pt\relax \fontdimen 14\font
(fontspec)             =2.88799pt\relax \fontdimen 15\font =2.368pt\relax
(fontspec)             \fontdimen 16\font =1.68pt\relax \fontdimen 17\font
(fontspec)             =1.68pt\relax \fontdimen 18\font =1.84pt\relax
(fontspec)             \fontdimen 19\font =1.77599pt\relax \fontdimen 22\font
(fontspec)             =2.168pt\relax \fontdimen 20\font =0pt\relax \fontdimen
(fontspec)             21\font =0pt\relax 

LaTeX Font Info:    Encoding `OMS' has changed to `TU' for symbol font
(Font)              `symbols' in the math version `normal' on input line 16.
LaTeX Font Info:    Overwriting symbol font `symbols' in version `normal'
(Font)                  OMS/cmsy/m/n --> TU/Asana-Math.otf(2)/m/n on input line 
16.
LaTeX Font Info:    Encoding `OMS' has changed to `TU' for symbol font
(Font)              `symbols' in the math version `bold' on input line 16.
LaTeX Font Info:    Overwriting symbol font `symbols' in version `bold'
(Font)                  OMS/cmsy/b/n --> TU/Asana-Math.otf(2)/b/n on input line 
16.

Package fontspec Info: Asana-Math scale = 0.9999.


Package fontspec Info: Asana-Math scale = 0.9999.


Package fontspec Info: Asana-Math scale = 0.9999.


Package fontspec Info: Asana-Math scale = 0.9999.


Package fontspec Info: Font family 'Asana-Math.otf(3)' created for font
(fontspec)             'Asana-Math.otf' with options
(fontspec)             [Renderer=Basic,BoldItalicFont={},ItalicFont={},SmallCaps
Font={},Script=Math,SizeFeatures={{Size=6.92-},{Size=5.32-6.92,Font=Asana-Math.o
tf,Style=MathScript},{Size=-5.32,Font=Asana-Math.otf,Style=MathScriptScript}},Fo
ntAdjustment={\__um_luatex_copy_fontdimens:
(fontspec)             },ScaleAgain=0.9999,FontAdjustment={\fontdimen 8\font
(fontspec)             =0.56pt\relax \fontdimen 9\font =0.79999pt\relax
(fontspec)             \fontdimen 10\font =0.95999pt\relax \fontdimen 11\font
(fontspec)             =2.0pt\relax \fontdimen 12\font =4.95999pt\relax
(fontspec)             \fontdimen 13\font =0pt\relax }].
(fontspec)              
(fontspec)              This font family consists of the following NFSS
(fontspec)             series/shapes:
(fontspec)              
(fontspec)             - 'normal' (m/n) with NFSS spec.:
(fontspec)             <6.92->s*[0.9999]"[Asana-Math.otf]:mode=base;script=math;
language=dflt;"<5.32-6.92>s*[0.9999]"[Asana-Math.otf]:mode=base;script=math;lang
uage=dflt;+ssty=0;"<-5.32>s*[0.9999]"[Asana-Math.otf]:mode=base;script=math;lang
uage=dflt;+ssty=1;"
(fontspec)             - 'small caps'  (m/sc) with NFSS spec.: 
(fontspec)             and font adjustment code:
(fontspec)             \__um_luatex_copy_fontdimens: \fontdimen 8\font
(fontspec)             =0.56pt\relax \fontdimen 9\font =0.79999pt\relax
(fontspec)             \fontdimen 10\font =0.95999pt\relax \fontdimen 11\font
(fontspec)             =2.0pt\relax \fontdimen 12\font =4.95999pt\relax
(fontspec)             \fontdimen 13\font =0pt\relax 

LaTeX Font Info:    Encoding `OMX' has changed to `TU' for symbol font
(Font)              `largesymbols' in the math version `normal' on input line 16
.
LaTeX Font Info:    Overwriting symbol font `largesymbols' in version `normal'
(Font)                  OMX/cmex/m/n --> TU/Asana-Math.otf(3)/m/n on input line 
16.
LaTeX Font Info:    Encoding `OMX' has changed to `TU' for symbol font
(Font)              `largesymbols' in the math version `bold' on input line 16.
LaTeX Font Info:    Overwriting symbol font `largesymbols' in version `bold'
(Font)                  OMX/cmex/m/n --> TU/Asana-Math.otf(3)/b/n on input line 
16.
LaTeX Font Info:    Font shape `TU/Asana-Math.otf(2)/m/n' will be
(Font)              scaled to size 8.00085pt on input line 16.
LaTeX Font Info:    Font shape `TU/Asana-Math.otf(2)/m/n' will be
(Font)              scaled to size 5.8406pt on input line 16.
LaTeX Font Info:    Font shape `TU/Asana-Math.otf(2)/m/n' will be
(Font)              scaled to size 4.8005pt on input line 16.
LaTeX Font Info:    Font shape `TU/Asana-Math.otf(3)/m/n' will be
(Font)              scaled to size 7.99915pt on input line 16.
LaTeX Font Info:    Font shape `TU/Asana-Math.otf(3)/m/n' will be
(Font)              scaled to size 5.83937pt on input line 16.
LaTeX Font Info:    Font shape `TU/Asana-Math.otf(3)/m/n' will be
(Font)              scaled to size 4.79948pt on input line 16.
LaTeX Font Info:    Trying to load font information for U+msa on input line 16.
(/usr/share/texlive/texmf-dist/tex/latex/amsfonts/umsa.fd
File: umsa.fd 2013/01/14 v3.01 AMS symbols A
)
LaTeX Font Info:    Trying to load font information for U+msb on input line 16.

(/usr/share/texlive/texmf-dist/tex/latex/amsfonts/umsb.fd
File: umsb.fd 2013/01/14 v3.01 AMS symbols B
) (./nis.aux

LaTeX Warning: Label `fig:screenshot001' multiply defined.


LaTeX Warning: Label `fig:screenshot001' multiply defined.


LaTeX Warning: Label `fig:screenshot001' multiply defined.


LaTeX Warning: Label `fig:screenshot001' multiply defined.


LaTeX Warning: Label `fig:screenshot001' multiply defined.


LaTeX Warning: Label `fig:screenshot001' multiply defined.


LaTeX Warning: Label `key' multiply defined.


LaTeX Warning: Label `key' multiply defined.


LaTeX Warning: Label `key' multiply defined.


LaTeX Warning: Label `key' multiply defined.


LaTeX Warning: Label `key' multiply defined.


LaTeX Warning: Label `key' multiply defined.


LaTeX Warning: Label `key' multiply defined.


LaTeX Warning: Label `key' multiply defined.


LaTeX Warning: Label `key' multiply defined.


LaTeX Warning: Label `key' multiply defined.


LaTeX Warning: Label `key' multiply defined.


LaTeX Warning: Label `key' multiply defined.


LaTeX Warning: Label `key' multiply defined.


LaTeX Warning: Label `key' multiply defined.


LaTeX Warning: Label `key' multiply defined.


LaTeX Warning: Label `key' multiply defined.


LaTeX Warning: Label `key' multiply defined.


LaTeX Warning: Label `key' multiply defined.


LaTeX Warning: Label `key' multiply defined.


LaTeX Warning: Label `key' multiply defined.


LaTeX Warning: Label `key' multiply defined.


LaTeX Warning: Label `key' multiply defined.


LaTeX Warning: Label `fig:screenshot001' multiply defined.


LaTeX Warning: Label `key' multiply defined.


LaTeX Warning: Label `fig:screenshot001' multiply defined.


LaTeX Warning: Label `fig:screenshot001' multiply defined.


LaTeX Warning: Label `fig:screenshot001' multiply defined.


LaTeX Warning: Label `fig:screenshot001' multiply defined.


LaTeX Warning: Label `fig:screenshot001' multiply defined.


LaTeX Warning: Label `fig:screenshot001' multiply defined.


LaTeX Warning: Label `fig:screenshot001' multiply defined.


LaTeX Warning: Label `fig:screenshot001' multiply defined.


LaTeX Warning: Label `fig:screenshot001' multiply defined.


LaTeX Warning: Label `fig:screenshot001' multiply defined.


LaTeX Warning: Label `fig:screenshot001' multiply defined.


LaTeX Warning: Label `fig:screenshot001' multiply defined.


LaTeX Warning: Label `fig:screenshot001' multiply defined.


LaTeX Warning: Label `fig:screenshot001' multiply defined.


LaTeX Warning: Label `fig:screenshot001' multiply defined.


LaTeX Warning: Label `fig:screenshot001' multiply defined.


LaTeX Warning: Label `fig:screenshot001' multiply defined.


LaTeX Warning: Label `fig:screenshot001' multiply defined.


LaTeX Warning: Label `fig:screenshot001' multiply defined.


LaTeX Warning: Label `fig:screenshot001' multiply defined.


LaTeX Warning: Label `fig:screenshot001' multiply defined.


LaTeX Warning: Label `fig:screenshot001' multiply defined.


LaTeX Warning: Label `fig:screenshot001' multiply defined.


LaTeX Warning: Label `fig:screenshot001' multiply defined.


LaTeX Warning: Label `fig:screenshot001' multiply defined.


LaTeX Warning: Label `fig:screenshot001' multiply defined.


LaTeX Warning: Label `fig:screenshot001' multiply defined.


LaTeX Warning: Label `fig:screenshot001' multiply defined.


LaTeX Warning: Label `fig:screenshot001' multiply defined.


LaTeX Warning: Label `fig:screenshot001' multiply defined.


LaTeX Warning: Label `fig:screenshot001' multiply defined.


LaTeX Warning: Label `fig:screenshot001' multiply defined.


LaTeX Warning: Label `fig:screenshot001' multiply defined.


LaTeX Warning: Label `fig:screenshot001' multiply defined.


LaTeX Warning: Label `fig:screenshot001' multiply defined.


LaTeX Warning: Label `fig:screenshot001' multiply defined.


LaTeX Warning: Label `fig:screenshot001' multiply defined.

)
\openout1 = nis.aux

LaTeX Font Info:    Checking defaults for OML/cmm/m/it on input line 29.
LaTeX Font Info:    ... okay on input line 29.
LaTeX Font Info:    Checking defaults for OMS/cmsy/m/n on input line 29.
LaTeX Font Info:    ... okay on input line 29.
LaTeX Font Info:    Checking defaults for OT1/cmr/m/n on input line 29.
LaTeX Font Info:    ... okay on input line 29.
LaTeX Font Info:    Checking defaults for T1/cmr/m/n on input line 29.
LaTeX Font Info:    ... okay on input line 29.
LaTeX Font Info:    Checking defaults for TS1/cmr/m/n on input line 29.
LaTeX Font Info:    ... okay on input line 29.
LaTeX Font Info:    Checking defaults for TU/lmr/m/n on input line 29.
LaTeX Font Info:    ... okay on input line 29.
LaTeX Font Info:    Checking defaults for OMX/cmex/m/n on input line 29.
LaTeX Font Info:    ... okay on input line 29.
LaTeX Font Info:    Checking defaults for U/cmr/m/n on input line 29.
LaTeX Font Info:    ... okay on input line 29.
LaTeX Font Info:    Checking defaults for PD1/pdf/m/n on input line 29.
LaTeX Font Info:    ... okay on input line 29.
LaTeX Font Info:    Checking defaults for PU/pdf/m/n on input line 29.
LaTeX Font Info:    ... okay on input line 29.

*geometry* driver: auto-detecting
*geometry* detected driver: luatex
*geometry* verbose mode - [ preamble ] result:
* driver: luatex
* paper: custom
* layout: <same size as paper>
* layoutoffset:(h,v)=(0.0pt,0.0pt)
* modes: includehead includefoot 
* h-part:(L,W,R)=(44.22636pt, 305.74263pt, 14.22636pt)
* v-part:(T,H,B)=(0.0pt, 273.14662pt, 0.0pt)
* \paperwidth=364.19536pt
* \paperheight=273.14662pt
* \textwidth=305.74263pt
* \textheight=244.6939pt
* \oddsidemargin=-28.04362pt
* \evensidemargin=-28.04362pt
* \topmargin=-72.26999pt
* \headheight=14.22636pt
* \headsep=0.0pt
* \topskip=9.0pt
* \footskip=14.22636pt
* \marginparwidth=4.0pt
* \marginparsep=10.0pt
* \columnsep=10.0pt
* \skip\footins=7.0pt plus 4.0pt minus 2.0pt
* \hoffset=0.0pt
* \voffset=0.0pt
* \mag=1000
* \@twocolumnfalse
* \@twosidefalse
* \@mparswitchfalse
* \@reversemarginfalse
* (1in=72.27pt=25.4mm, 1cm=28.453pt)

(/usr/share/texlive/texmf-dist/tex/context/base/mkii/supp-pdf.mkii
[Loading MPS to PDF converter (version 2006.09.02).]
\scratchcounter=\count328
\scratchdimen=\dimen298
\scratchbox=\box77
\nofMPsegments=\count329
\nofMParguments=\count330
\everyMPshowfont=\toks46
\MPscratchCnt=\count331
\MPscratchDim=\dimen299
\MPnumerator=\count332
\makeMPintoPDFobject=\count333
\everyMPtoPDFconversion=\toks47
) (/usr/share/texlive/texmf-dist/tex/latex/epstopdf-pkg/epstopdf-base.sty
Package: epstopdf-base 2020-01-24 v2.11 Base part for package epstopdf
Package epstopdf-base Info: Redefining graphics rule for `.eps' on input line 48
5.

(/usr/share/texlive/texmf-dist/tex/latex/latexconfig/epstopdf-sys.cfg
File: epstopdf-sys.cfg 2010/07/13 v1.3 Configuration of (r)epstopdf for TeX Live

))
ABD: EveryShipout initializing macros
\AtBeginShipoutBox=\box78
Package hyperref Info: Link coloring OFF on input line 29.

(/usr/share/texlive/texmf-dist/tex/latex/hyperref/nameref.sty
Package: nameref 2019/09/16 v2.46 Cross-referencing by name of section

(/usr/share/texlive/texmf-dist/tex/latex/refcount/refcount.sty
Package: refcount 2019/12/15 v3.6 Data extraction from label references (HO)
)
(/usr/share/texlive/texmf-dist/tex/generic/gettitlestring/gettitlestring.sty
Package: gettitlestring 2019/12/15 v1.6 Cleanup title references (HO)
)
\c@section@level=\count334
)
LaTeX Info: Redefining \ref on input line 29.
LaTeX Info: Redefining \pageref on input line 29.
LaTeX Info: Redefining \nameref on input line 29.

(./nis.out) (./nis.out)
\@outlinefile=\write5

\openout5 = nis.out

(/usr/share/texlive/texmf-dist/tex/latex/translator/translator-basic-dictionary
-English.dict
Dictionary: translator-basic-dictionary, Language: English 
)
(/usr/share/texlive/texmf-dist/tex/latex/translator/translator-bibliography-dic
tionary-English.dict
Dictionary: translator-bibliography-dictionary, Language: English 
)
(/usr/share/texlive/texmf-dist/tex/latex/translator/translator-environment-dict
ionary-English.dict
Dictionary: translator-environment-dictionary, Language: English 
)
(/usr/share/texlive/texmf-dist/tex/latex/translator/translator-months-dictionar
y-English.dict
Dictionary: translator-months-dictionary, Language: English 
)
(/usr/share/texlive/texmf-dist/tex/latex/translator/translator-numbers-dictiona
ry-English.dict
Dictionary: translator-numbers-dictionary, Language: English 
)
(/usr/share/texlive/texmf-dist/tex/latex/translator/translator-theorem-dictiona
ry-English.dict
Dictionary: translator-theorem-dictionary, Language: English 
)
LaTeX Font Info:    Overwriting math alphabet `\mathrm' in version `normal'
(Font)                  TU/Asana-Math.otf(1)/m/n --> TU/LiberationSerif(0)/m/n o
n input line 29.
LaTeX Font Info:    Overwriting math alphabet `\mathit' in version `normal'
(Font)                  OT1/cmr/m/it --> TU/LiberationSerif(0)/m/it on input lin
e 29.
LaTeX Font Info:    Overwriting math alphabet `\mathbf' in version `normal'
(Font)                  OT1/cmr/bx/n --> TU/LiberationSerif(0)/b/n on input line
 29.
LaTeX Font Info:    Overwriting math alphabet `\mathsf' in version `normal'
(Font)                  OT1/cmss/m/n --> TU/lmss/m/n on input line 29.
LaTeX Font Info:    Overwriting math alphabet `\mathsf' in version `bold'
(Font)                  OT1/cmss/bx/n --> TU/lmss/b/n on input line 29.
LaTeX Font Info:    Overwriting math alphabet `\mathtt' in version `normal'
(Font)                  OT1/cmtt/m/n --> TU/lmtt/m/n on input line 29.
LaTeX Font Info:    Overwriting math alphabet `\mathtt' in version `bold'
(Font)                  OT1/cmtt/m/n --> TU/lmtt/b/n on input line 29.
 (./nis.nav)
Overfull \vbox (8.60631pt too high) has occurred while \output is active []


[1{/var/lib/texmf/fonts/map/pdftex/updmap/pdftex.map}

]
<screenshot002.png, id=109, 819.8128pt x 524.71031pt>
File: screenshot002.png Graphic file (type png)
<use screenshot002.png>
Package luatex.def Info: screenshot002.png  used on input line 58.
(luatex.def)             Requested size: 322.09903pt x 206.15741pt.

Overfull \vbox (8.60631pt too high) has occurred while \output is active []


[2

<./screenshot002.png>]
<screenshot003.png, id=153, 832.61063pt x 283.81032pt>
File: screenshot003.png Graphic file (type png)
<use screenshot003.png>
Package luatex.def Info: screenshot003.png  used on input line 82.
(luatex.def)             Requested size: 322.09903pt x 109.79347pt.

warning  (pdf backend): ignoring duplicate destination with the name 'fig:screen
shot001'

Overfull \vbox (8.60631pt too high) has occurred while \output is active []


[3

<./screenshot003.png>]
<screenshot004.png, id=194, 812.28468pt x 490.08093pt>
File: screenshot004.png Graphic file (type png)
<use screenshot004.png>
Package luatex.def Info: screenshot004.png  used on input line 111.
(luatex.def)             Requested size: 322.09903pt x 194.33139pt.

warning  (pdf backend): ignoring duplicate destination with the name 'fig:screen
shot001'
<screenshot006.png, id=195, 790.45313pt x 231.86626pt>
File: screenshot006.png Graphic file (type png)
<use screenshot006.png>
Package luatex.def Info: screenshot006.png  used on input line 111.
(luatex.def)             Requested size: 289.88715pt x 85.03203pt.

warning  (pdf backend): ignoring duplicate destination with the name 'fig:screen
shot001'

Class beamer Warning: Frame text is shrunk by a factor of 26.80664 percent inste
ad of 5 percent on input line 111.


Overfull \vbox (8.60631pt too high) has occurred while \output is active []


[4

<./screenshot004.png><./screenshot006.png>]
<screenshot007.png, id=236, 919.93687pt x 398.99063pt>
File: screenshot007.png Graphic file (type png)
<use screenshot007.png>
Package luatex.def Info: screenshot007.png  used on input line 138.
(luatex.def)             Requested size: 322.09903pt x 139.69751pt.

warning  (pdf backend): ignoring duplicate destination with the name 'fig:screen
shot001'
<screenshot008.png, id=237, 916.1728pt x 363.60844pt>
File: screenshot008.png Graphic file (type png)
<use screenshot008.png>
Package luatex.def Info: screenshot008.png  used on input line 138.
(luatex.def)             Requested size: 322.09903pt x 127.83076pt.

warning  (pdf backend): ignoring duplicate destination with the name 'fig:screen
shot001'

Class beamer Warning: Frame text is shrunk by a factor of 23.99292 percent inste
ad of 5 percent on input line 138.


Overfull \vbox (8.60631pt too high) has occurred while \output is active []


[5

<./screenshot007.png><./screenshot008.png>]
Overfull \vbox (8.60631pt too high) has occurred while \output is active []


[6

]
<screenshot014.png, id=321, 618.81187pt x 295.1025pt>
File: screenshot014.png Graphic file (type png)
<use screenshot014.png>
Package luatex.def Info: screenshot014.png  used on input line 295.
(luatex.def)             Requested size: 322.09903pt x 153.60727pt.

warning  (pdf backend): ignoring duplicate destination with the name 'fig:screen
shot001'

Overfull \vbox (8.60631pt too high) has occurred while \output is active []


[7

<./screenshot014.png>]
warning  (pdf backend): ignoring duplicate destination with the name 'key'

warning  (pdf backend): ignoring duplicate destination with the name 'key'

warning  (pdf backend): ignoring duplicate destination with the name 'key'

warning  (pdf backend): ignoring duplicate destination with the name 'key'

warning  (pdf backend): ignoring duplicate destination with the name 'key'

warning  (pdf backend): ignoring duplicate destination with the name 'key'

Overfull \vbox (8.60631pt too high) has occurred while \output is active []


[8

]
warning  (pdf backend): ignoring duplicate destination with the name 'key'

warning  (pdf backend): ignoring duplicate destination with the name 'key'

warning  (pdf backend): ignoring duplicate destination with the name 'key'

warning  (pdf backend): ignoring duplicate destination with the name 'key'

warning  (pdf backend): ignoring duplicate destination with the name 'key'

warning  (pdf backend): ignoring duplicate destination with the name 'key'

warning  (pdf backend): ignoring duplicate destination with the name 'key'

warning  (pdf backend): ignoring duplicate destination with the name 'key'

Overfull \vbox (8.60631pt too high) has occurred while \output is active []


[9

]
warning  (pdf backend): ignoring duplicate destination with the name 'key'

warning  (pdf backend): ignoring duplicate destination with the name 'key'

warning  (pdf backend): ignoring duplicate destination with the name 'key'

warning  (pdf backend): ignoring duplicate destination with the name 'key'

warning  (pdf backend): ignoring duplicate destination with the name 'key'

Overfull \vbox (8.60631pt too high) has occurred while \output is active []


[10

]
warning  (pdf backend): ignoring duplicate destination with the name 'key'

warning  (pdf backend): ignoring duplicate destination with the name 'key'

warning  (pdf backend): ignoring duplicate destination with the name 'key'

Overfull \vbox (8.60631pt too high) has occurred while \output is active []


[11

]
<screenshot012.png, id=519, 923.70094pt x 289.08pt>
File: screenshot012.png Graphic file (type png)
<use screenshot012.png>
Package luatex.def Info: screenshot012.png  used on input line 494.
(luatex.def)             Requested size: 322.09903pt x 100.80457pt.

warning  (pdf backend): ignoring duplicate destination with the name 'fig:screen
shot001'

Overfull \vbox (8.60631pt too high) has occurred while \output is active []


[12

<./screenshot012.png>]
warning  (pdf backend): ignoring duplicate destination with the name 'key'
<screenshot013.png, id=560, 904.88063pt x 532.23843pt>
File: screenshot013.png Graphic file (type png)
<use screenshot013.png>
Package luatex.def Info: screenshot013.png  used on input line 525.
(luatex.def)             Requested size: 322.09903pt x 189.45354pt.

warning  (pdf backend): ignoring duplicate destination with the name 'fig:screen
shot001'

Class beamer Warning: Frame text is shrunk by a factor of 10.84747 percent inste
ad of 5 percent on input line 525.


Overfull \vbox (8.60631pt too high) has occurred while \output is active []


[13

<./screenshot013.png>]
<screenshot015.png, id=602, 916.92563pt x 182.18062pt>
File: screenshot015.png Graphic file (type png)
<use screenshot015.png>
Package luatex.def Info: screenshot015.png  used on input line 563.
(luatex.def)             Requested size: 322.09903pt x 63.99767pt.

warning  (pdf backend): ignoring duplicate destination with the name 'fig:screen
shot001'
<screenshot016.png, id=603, 907.89188pt x 146.04562pt>
File: screenshot016.png Graphic file (type png)
<use screenshot016.png>
Package luatex.def Info: screenshot016.png  used on input line 563.
(luatex.def)             Requested size: 322.09903pt x 51.81422pt.

warning  (pdf backend): ignoring duplicate destination with the name 'fig:screen
shot001'
<screenshot038.png, id=604, 745.28438pt x 123.46124pt>
File: screenshot038.png Graphic file (type png)
<use screenshot038.png>
Package luatex.def Info: screenshot038.png  used on input line 563.
(luatex.def)             Requested size: 322.09903pt x 53.35667pt.

warning  (pdf backend): ignoring duplicate destination with the name 'fig:screen
shot001'

Overfull \vbox (8.60631pt too high) has occurred while \output is active []


[14

<./screenshot015.png><./screenshot016.png><./screenshot038.png>]
<screenshot018.png, id=647, 922.19531pt x 664.73344pt>
File: screenshot018.png Graphic file (type png)
<use screenshot018.png>
Package luatex.def Info: screenshot018.png  used on input line 585.
(luatex.def)             Requested size: 322.09903pt x 232.17332pt.

warning  (pdf backend): ignoring duplicate destination with the name 'fig:screen
shot001'

Class beamer Warning: Frame text is shrunk by a factor of 6.63605 percent instea
d of 5 percent on input line 585.


Overfull \vbox (8.60631pt too high) has occurred while \output is active []


[15

<./screenshot018.png>]
<screenshot019.png, id=688, 767.86874pt x 502.12593pt>
File: screenshot019.png Graphic file (type png)
<use screenshot019.png>
Package luatex.def Info: screenshot019.png  used on input line 608.
(luatex.def)             Requested size: 322.09903pt x 210.63095pt.

warning  (pdf backend): ignoring duplicate destination with the name 'fig:screen
shot001'

Overfull \vbox (8.60631pt too high) has occurred while \output is active []


[16

<./screenshot019.png>]
<screenshot020.png, id=730, 791.20593pt x 441.14813pt>
File: screenshot020.png Graphic file (type png)
<use screenshot020.png>
Package luatex.def Info: screenshot020.png  used on input line 629.
(luatex.def)             Requested size: 322.09903pt x 179.59294pt.

warning  (pdf backend): ignoring duplicate destination with the name 'fig:screen
shot001'

Overfull \vbox (8.60631pt too high) has occurred while \output is active []


[17

<./screenshot020.png>]
<screenshot022.png, id=770, 624.83438pt x 576.65437pt>
File: screenshot022.png Graphic file (type png)
<use screenshot022.png>
Package luatex.def Info: screenshot022.png  used on input line 649.
(luatex.def)             Requested size: 322.09903pt x 297.26628pt.

warning  (pdf backend): ignoring duplicate destination with the name 'fig:screen
shot001'

Class beamer Warning: Frame text is shrunk by a factor of 25.6607 percent instea
d of 5 percent on input line 649.


Overfull \vbox (8.60631pt too high) has occurred while \output is active []


[18

<./screenshot022.png>]
<screenshot023.png, id=811, 769.37437pt x 657.2053pt>
File: screenshot023.png Graphic file (type png)
<use screenshot023.png>
Package luatex.def Info: screenshot023.png  used on input line 669.
(luatex.def)             Requested size: 322.09903pt x 275.14186pt.

warning  (pdf backend): ignoring duplicate destination with the name 'fig:screen
shot001'

Class beamer Warning: Frame text is shrunk by a factor of 26.58081 percent inste
ad of 5 percent on input line 669.


Overfull \vbox (8.60631pt too high) has occurred while \output is active []


[19

<./screenshot023.png>]
<screenshot024.png, id=853, 797.22844pt x 325.96782pt>
File: screenshot024.png Graphic file (type png)
<use screenshot024.png>
Package luatex.def Info: screenshot024.png  used on input line 688.
(luatex.def)             Requested size: 322.09903pt x 131.6979pt.

warning  (pdf backend): ignoring duplicate destination with the name 'fig:screen
shot001'

Overfull \vbox (8.60631pt too high) has occurred while \output is active []


[20

<./screenshot024.png>]
<screenshot025.png, id=894, 638.385pt x 639.89063pt>
File: screenshot025.png Graphic file (type png)
<use screenshot025.png>
Package luatex.def Info: screenshot025.png  used on input line 708.
(luatex.def)             Requested size: 322.09903pt x 322.85417pt.

warning  (pdf backend): ignoring duplicate destination with the name 'fig:screen
shot001'

Class beamer Warning: Frame text is shrunk by a factor of 31.2622 percent instea
d of 5 percent on input line 708.


Overfull \vbox (8.60631pt too high) has occurred while \output is active []


[21

<./screenshot025.png>]
<screenshot026.png, id=936, 640.64343pt x 133.24782pt>
File: screenshot026.png Graphic file (type png)
<use screenshot026.png>
Package luatex.def Info: screenshot026.png  used on input line 734.
(luatex.def)             Requested size: 322.09903pt x 66.99377pt.

warning  (pdf backend): ignoring duplicate destination with the name 'fig:screen
shot001'
<screenshot027.png, id=937, 588.69937pt x 507.39563pt>
File: screenshot027.png Graphic file (type png)
<use screenshot027.png>
Package luatex.def Info: screenshot027.png  used on input line 734.
(luatex.def)             Requested size: 322.09903pt x 277.61292pt.

warning  (pdf backend): ignoring duplicate destination with the name 'fig:screen
shot001'

Class beamer Warning: Frame text is shrunk by a factor of 39.03809 percent inste
ad of 5 percent on input line 734.


Overfull \vbox (8.60631pt too high) has occurred while \output is active []


[22

<./screenshot026.png><./screenshot027.png>]
<screenshot028.png, id=978, 611.28375pt x 294.34969pt>
File: screenshot028.png Graphic file (type png)
<use screenshot028.png>
Package luatex.def Info: screenshot028.png  used on input line 763.
(luatex.def)             Requested size: 322.09903pt x 155.09732pt.

warning  (pdf backend): ignoring duplicate destination with the name 'fig:screen
shot001'
<screenshot029.png, id=979, 612.03656pt x 309.40594pt>
File: screenshot029.png Graphic file (type png)
<use screenshot029.png>
Package luatex.def Info: screenshot029.png  used on input line 763.
(luatex.def)             Requested size: 322.09903pt x 162.8324pt.

warning  (pdf backend): ignoring duplicate destination with the name 'fig:screen
shot001'

Class beamer Warning: Frame text is shrunk by a factor of 34.49097 percent inste
ad of 5 percent on input line 763.


Overfull \vbox (8.60631pt too high) has occurred while \output is active []


[23

<./screenshot028.png><./screenshot029.png>]
<screenshot030.png, id=1021, 610.53094pt x 342.5297pt>
File: screenshot030.png Graphic file (type png)
<use screenshot030.png>
Package luatex.def Info: screenshot030.png  used on input line 787.
(luatex.def)             Requested size: 225.46832pt x 126.49358pt.

warning  (pdf backend): ignoring duplicate destination with the name 'fig:screen
shot001'
<screenshot031.png, id=1022, 454.69875pt x 304.13625pt>
File: screenshot031.png Graphic file (type png)
<use screenshot031.png>
Package luatex.def Info: screenshot031.png  used on input line 787.
(luatex.def)             Requested size: 148.8785pt x 99.58464pt.
<screenshot032.png, id=1023, 441.14813pt x 296.60812pt>
File: screenshot032.png Graphic file (type png)
<use screenshot032.png>
Package luatex.def Info: screenshot032.png  used on input line 787.
(luatex.def)             Requested size: 148.11032pt x 99.58464pt.

Overfull \vbox (8.60631pt too high) has occurred while \output is active []


[24

<./screenshot030.png><./screenshot031.png><./screenshot032.png>]
<screenshot033.png, id=1066, 641.39626pt x 419.31656pt>
File: screenshot033.png Graphic file (type png)
<use screenshot033.png>
Package luatex.def Info: screenshot033.png  used on input line 816.
(luatex.def)             Requested size: 322.09903pt x 210.5791pt.

warning  (pdf backend): ignoring duplicate destination with the name 'fig:screen
shot001'
<screenshot034.png, id=1067, 697.10437pt x 54.9553pt>
File: screenshot034.png Graphic file (type png)
<use screenshot034.png>
Package luatex.def Info: screenshot034.png  used on input line 816.
(luatex.def)             Requested size: 322.09903pt x 25.3921pt.

warning  (pdf backend): ignoring duplicate destination with the name 'fig:screen
shot001'

Class beamer Warning: Frame text is shrunk by a factor of 15.30609 percent inste
ad of 5 percent on input line 816.


Overfull \vbox (8.60631pt too high) has occurred while \output is active []


[25

<./screenshot033.png><./screenshot034.png>]
<screenshot035.png, id=1108, 798.73407pt x 225.09094pt>
File: screenshot035.png Graphic file (type png)
<use screenshot035.png>
Package luatex.def Info: screenshot035.png  used on input line 843.
(luatex.def)             Requested size: 322.09903pt x 90.76978pt.

warning  (pdf backend): ignoring duplicate destination with the name 'fig:screen
shot001'
<screenshot039.png, id=1109, 733.99219pt x 640.64343pt>
File: screenshot039.png Graphic file (type png)
<use screenshot039.png>
Package luatex.def Info: screenshot039.png  used on input line 843.
(luatex.def)             Requested size: 322.09903pt x 281.14104pt.

warning  (pdf backend): ignoring duplicate destination with the name 'fig:screen
shot001'

Class beamer Warning: Frame text is shrunk by a factor of 42.99469 percent inste
ad of 5 percent on input line 843.


Overfull \vbox (8.60631pt too high) has occurred while \output is active []


[26

<./screenshot035.png><./screenshot039.png>]
<screenshot040.png, id=1152, 712.91344pt x 608.2725pt>
File: screenshot040.png Graphic file (type png)
<use screenshot040.png>
Package luatex.def Info: screenshot040.png  used on input line 862.
(luatex.def)             Requested size: 322.09903pt x 274.8153pt.

warning  (pdf backend): ignoring duplicate destination with the name 'fig:screen
shot001'

Class beamer Warning: Frame text is shrunk by a factor of 20.15381 percent inste
ad of 5 percent on input line 862.


Overfull \vbox (8.60631pt too high) has occurred while \output is active []


[27

<./screenshot040.png>]
<screenshot041.png, id=1192, 1010.27437pt x 402.00188pt>
File: screenshot041.png Graphic file (type png)
<use screenshot041.png>
Package luatex.def Info: screenshot041.png  used on input line 919.
(luatex.def)             Requested size: 322.09903pt x 128.16476pt.

warning  (pdf backend): ignoring duplicate destination with the name 'fig:screen
shot001'

Overfull \vbox (8.60631pt too high) has occurred while \output is active []


[28

<./screenshot041.png>]
<screenshot042.png, id=1235, 867.99281pt x 582.67688pt>
File: screenshot042.png Graphic file (type png)
<use screenshot042.png>
Package luatex.def Info: screenshot042.png  used on input line 938.
(luatex.def)             Requested size: 322.09903pt x 216.22722pt.

warning  (pdf backend): ignoring duplicate destination with the name 'fig:screen
shot001'

Overfull \vbox (8.60631pt too high) has occurred while \output is active []


[29

<./screenshot042.png>]
<screenshot043.png, id=1277, 880.79062pt x 536.75531pt>
File: screenshot043.png Graphic file (type png)
<use screenshot043.png>
Package luatex.def Info: screenshot043.png  used on input line 960.
(luatex.def)             Requested size: 322.09903pt x 196.2867pt.

warning  (pdf backend): ignoring duplicate destination with the name 'fig:screen
shot001'

Overfull \vbox (8.60631pt too high) has occurred while \output is active []


[30

<./screenshot043.png>]
<screenshot058.png, id=1317, 753.5653pt x 479.54156pt>
File: screenshot058.png Graphic file (type png)
<use screenshot058.png>
Package luatex.def Info: screenshot058.png  used on input line 980.
(luatex.def)             Requested size: 322.09903pt x 204.96956pt.

warning  (pdf backend): ignoring duplicate destination with the name 'fig:screen
shot001'

Overfull \vbox (8.60631pt too high) has occurred while \output is active []


[31

<./screenshot058.png>]
<screenshot050.png, id=1359, 905.63344pt x 694.84593pt>
File: screenshot050.png Graphic file (type png)
<use screenshot050.png>
Package luatex.def Info: screenshot050.png  used on input line 1004.
(luatex.def)             Requested size: 322.09903pt x 247.12263pt.

warning  (pdf backend): ignoring duplicate destination with the name 'fig:screen
shot001'

Class beamer Warning: Frame text is shrunk by a factor of 11.84235 percent inste
ad of 5 percent on input line 1004.


Overfull \vbox (8.60631pt too high) has occurred while \output is active []


[32

<./screenshot050.png>]
<screenshot051.png, id=1400, 867.24pt x 283.0575pt>
File: screenshot051.png Graphic file (type png)
<use screenshot051.png>
Package luatex.def Info: screenshot051.png  used on input line 1041.
(luatex.def)             Requested size: 322.09903pt x 105.1313pt.

warning  (pdf backend): ignoring duplicate destination with the name 'fig:screen
shot001'
<screenshot052.png, id=1401, 845.40843pt x 176.91093pt>
File: screenshot052.png Graphic file (type png)
<use screenshot052.png>
Package luatex.def Info: screenshot052.png  used on input line 1041.
(luatex.def)             Requested size: 322.09903pt x 67.40231pt.

warning  (pdf backend): ignoring duplicate destination with the name 'fig:screen
shot001'
<screenshot053.png, id=1402, 900.36375pt x 207.77625pt>
File: screenshot053.png Graphic file (type png)
<use screenshot053.png>
Package luatex.def Info: screenshot053.png  used on input line 1041.
(luatex.def)             Requested size: 322.09903pt x 74.33015pt.

warning  (pdf backend): ignoring duplicate destination with the name 'fig:screen
shot001'

Class beamer Warning: Frame text is shrunk by a factor of 24.47662 percent inste
ad of 5 percent on input line 1041.


Overfull \vbox (8.60631pt too high) has occurred while \output is active []


[33

<./screenshot051.png><./screenshot052.png><./screenshot053.png>]
<screenshot054.png, id=1444, 888.31876pt x 248.42813pt>
File: screenshot054.png Graphic file (type png)
<use screenshot054.png>
Package luatex.def Info: screenshot054.png  used on input line 1072.
(luatex.def)             Requested size: 322.09903pt x 90.07848pt.

warning  (pdf backend): ignoring duplicate destination with the name 'fig:screen
shot001'
<screenshot055.png, id=1445, 901.86937pt x 744.53156pt>
File: screenshot055.png Graphic file (type png)
<use screenshot055.png>
Package luatex.def Info: screenshot055.png  used on input line 1072.
(luatex.def)             Requested size: 322.09903pt x 265.90672pt.

warning  (pdf backend): ignoring duplicate destination with the name 'fig:screen
shot001'

Class beamer Warning: Frame text is shrunk by a factor of 40.7135 percent instea
d of 5 percent on input line 1072.


Overfull \vbox (8.60631pt too high) has occurred while \output is active []


[34

<./screenshot054.png><./screenshot055.png>]
<screenshot044.png, id=1487, 706.13812pt x 160.34906pt>
File: screenshot044.png Graphic file (type png)
<use screenshot044.png>
Package luatex.def Info: screenshot044.png  used on input line 1108.
(luatex.def)             Requested size: 322.09903pt x 73.14243pt.

warning  (pdf backend): ignoring duplicate destination with the name 'fig:screen
shot001'
<screenshot045.png, id=1488, 707.64375pt x 125.71968pt>
File: screenshot045.png Graphic file (type png)
<use screenshot045.png>
Package luatex.def Info: screenshot045.png  used on input line 1108.
(luatex.def)             Requested size: 322.09903pt x 57.22363pt.

warning  (pdf backend): ignoring duplicate destination with the name 'fig:screen
shot001'

Overfull \vbox (8.60631pt too high) has occurred while \output is active []


[35

<./screenshot044.png><./screenshot045.png>]
<screenshot046.png, id=1531, 708.39656pt x 393.72093pt>
File: screenshot046.png Graphic file (type png)
<use screenshot046.png>
Package luatex.def Info: screenshot046.png  used on input line 1138.
(luatex.def)             Requested size: 322.09903pt x 179.02315pt.

warning  (pdf backend): ignoring duplicate destination with the name 'fig:screen
shot001'
<screenshot047.png, id=1532, 720.44156pt x 465.99094pt>
File: screenshot047.png Graphic file (type png)
<use screenshot047.png>
Package luatex.def Info: screenshot047.png  used on input line 1138.
(luatex.def)             Requested size: 322.09903pt x 208.33588pt.

warning  (pdf backend): ignoring duplicate destination with the name 'fig:screen
shot001'

Class beamer Warning: Frame text is shrunk by a factor of 45.10498 percent inste
ad of 5 percent on input line 1138.


Overfull \vbox (8.60631pt too high) has occurred while \output is active []


[36

<./screenshot046.png><./screenshot047.png>]
<screenshot048.png, id=1573, 715.92468pt x 479.54156pt>
File: screenshot048.png Graphic file (type png)
<use screenshot048.png>
Package luatex.def Info: screenshot048.png  used on input line 1156.
(luatex.def)             Requested size: 322.09903pt x 215.7478pt.

warning  (pdf backend): ignoring duplicate destination with the name 'fig:screen
shot001'

Overfull \vbox (8.60631pt too high) has occurred while \output is active []


[37

<./screenshot048.png>]
<screenshot056.png, id=1614, 914.66719pt x 636.12656pt>
File: screenshot056.png Graphic file (type png)
<use screenshot056.png>
Package luatex.def Info: screenshot056.png  used on input line 1197.
(luatex.def)             Requested size: 322.09903pt x 224.00653pt.

warning  (pdf backend): ignoring duplicate destination with the name 'fig:screen
shot001'

Overfull \vbox (8.60631pt too high) has occurred while \output is active []


[38

<./screenshot056.png>]
<screenshot057.png, id=1654, 900.36375pt x 499.8675pt>
File: screenshot057.png Graphic file (type png)
<use screenshot057.png>
Package luatex.def Info: screenshot057.png  used on input line 1216.
(luatex.def)             Requested size: 322.09903pt x 178.8233pt.

warning  (pdf backend): ignoring duplicate destination with the name 'fig:screen
shot001'

Overfull \vbox (8.60631pt too high) has occurred while \output is active []


[39

<./screenshot057.png>]
\tf@nav=\write6

\openout6 = nis.nav
\tf@toc=\write7

\openout7 = nis.toc
\tf@snm=\write8

\openout8 = nis.snm
Package atveryend Info: Empty hook `BeforeClearDocument' on input line 1222.
Package atveryend Info: Empty hook `AfterLastShipout' on input line 1222.
 (./nis.aux)
Package atveryend Info: Executing hook `AtVeryEndDocument' on input line 1222.
Package atveryend Info: Executing hook `AtEndAfterFileList' on input line 1222.
Package rerunfilecheck Info: File `nis.out' has not changed.
(rerunfilecheck)             Checksum: 00206F7B2F39D6B84B9591A638E7780B;1707.


LaTeX Warning: There were multiply-defined labels.

)

Here is how much of LuaTeX's memory you used:
 31196 strings out of 481365
 125171,1373583 words of node,token memory allocated
 2214 words of node memory still in use:
   41 hlist, 12 vlist, 6 rule, 1 disc, 4 local_par, 56 glue, 7 kern, 20 penalty,
 8 glyph, 137 attribute, 62 glue_spec, 137 attribute_list, 6 write, 11 pdf_liter
al, 1 pdf_start_link, 1 pdf_end_link, 1 pdf_action, 26 pdf_colorstack, 1 pdf_set
matrix, 1 pdf_save, 1 pdf_restore nodes
   avail lists: 1:2,2:814,3:255,4:149,5:169,6:74,7:2703,8:68,9:527,10:23,11:180
 46597 multiletter control sequences out of 65536+600000
 65 fonts using 16336467 bytes
 62i,16n,109p,789b,656s stack positions out of 5000i,500n,10000p,200000b,100000s
</usr/share/fonts/truetype/liberation2/LiberationSerif-Italic.ttf></usr/share/fo
nts/truetype/asana-math/Asana-Math.otf></usr/share/fonts/truetype/asana-math/Asa
na-Math.otf></usr/share/fonts/truetype/asana-math/Asana-Math.otf></usr/share/fon
ts/truetype/liberation2/LiberationSerif-Regular.ttf>
Output written on nis.pdf (39 pages, 2157563 bytes).

PDF statistics: 1734 PDF objects out of 2073 (max. 8388607)
 1560 compressed objects within 16 object streams
 92 named destinations out of 1000 (max. 131072)
 104 words of extra memory for PDF output out of 10000 (max. 100000000)

